app/build/outputs/logs/manifest-merger-debug-report.txt
-- Merging decision tree log ---
manifest
ADDED from src/main/AndroidManifest.xml:2:1-28:12
	package
		ADDED from src/main/AndroidManifest.xml:3:6-37
		INJECTED from src/main/AndroidManifest.xml
		INJECTED from src/main/AndroidManifest.xml
	xmlns:android
		ADDED from src/main/AndroidManifest.xml:2:11-69
uses-permission#android.permission.VIBRATE
ADDED from src/main/AndroidManifest.xml:4:6-66
	android:name
		ADDED from src/main/AndroidManifest.xml:4:23-64
application
ADDED from src/main/AndroidManifest.xml:5:5-27:19
	android:debuggable
		ADDED from src/main/AndroidManifest.xml:5:18-43
	android:icon
		ADDED from src/main/AndroidManifest.xml:6:9-46
activity#org.games.boulderdash.BoulderDash
ADDED from src/main/AndroidManifest.xml:7:10-12:20
	android:label
		ADDED from src/main/AndroidManifest.xml:7:69-96
	android:name
		ADDED from src/main/AndroidManifest.xml:7:20-68
intent-filter#android.intent.action.MAIN+android.intent.category.LAUNCHER
ADDED from src/main/AndroidManifest.xml:8:13-11:29
action#android.intent.action.MAIN
ADDED from src/main/AndroidManifest.xml:9:17-68
	android:name
		ADDED from src/main/AndroidManifest.xml:9:25-66
category#android.intent.category.LAUNCHER
ADDED from src/main/AndroidManifest.xml:10:17-76
	android:name
		ADDED from src/main/AndroidManifest.xml:10:27-74
activity#org.games.boulderdash.GameActivity
ADDED from src/main/AndroidManifest.xml:13:9-16:20
	android:screenOrientation
		ADDED from src/main/AndroidManifest.xml:14:19-55
	android:name
		ADDED from src/main/AndroidManifest.xml:13:19-68
activity#org.games.boulderdash.HelpActivity
ADDED from src/main/AndroidManifest.xml:17:9-19:20
	android:name
		ADDED from src/main/AndroidManifest.xml:17:19-68
activity#org.games.boulderdash.HighScoreActivity
ADDED from src/main/AndroidManifest.xml:20:9-22:20
	android:name
		ADDED from src/main/AndroidManifest.xml:20:19-73
activity#org.games.boulderdash.Prefs
ADDED from src/main/AndroidManifest.xml:23:9-26:20
	android:label
		ADDED from src/main/AndroidManifest.xml:24:13-51
	android:name
		ADDED from src/main/AndroidManifest.xml:23:19-61